# Generated by the VisualDSP++ IDDE (Wed Apr 24 17:15:00 2019)
# Project File: C:\Users\Elad Avni\Documents\VisualDSP Projects\dbc_wolfssl\dbc_wolfssl.dpj

"C:\Program Files (x86)\Analog Devices\VisualDSP 5.1.2\cc21k.exe" -c .\dbc_wolfssl.c -file-attr ProjectName=dbc_wolfssl -g -structs-do-not-overlap -no-multiline -D NO_MD5 -D NO_SHA -D NO_MD5 -D NO_MD4 -D WOLFCRYPT_ONLY -D SINGLE_THREADED -D NO_FILESYSTEM -D NO_WOLFSSL_MEMORY -D WOLFSSL_HAVE_MIN -D WOLFSSL_HAVE_MAX -D WC_NO_RNG -D NO_ASN -D WC_RSA_NO_PADDING -D NO_WOLFSSL_SMALL_STACK -D DBC -double-size-32 -warn-protos -proc ADSP-21060 -o .\Debug\dbc_wolfssl.doj -MM
".\dbc_wolfssl.c", line 7: cc0161: {D} warning: unrecognized #pragma
  #pragma symbolic_ref
          ^

".\dbc_wolfssl.c", line 102: cc1045: {D} warning: missing return statement at
          end of non-void function "test_aes_cbc"
  }
  ^

".\dbc_wolfssl.c", line 179: cc0549: {D} warning: variable "secs" is used
          before its value is set
  printf("Sha256 test #1 - Failed\n",secs);
                                     ^

".\dbc_wolfssl.c", line 338: cc0111: {D} warning: statement is unreachable
  printf("RSA test - Failed\n");
  ^

".\dbc_wolfssl.c", line 353: cc1080: {D} warning: Function does not have a
          full prototype
  if((ret = test_aes_cbc()) != 0) {
            ^

".\dbc_wolfssl.c", line 357: cc1080: {D} warning: Function does not have a
          full prototype
  if((ret = test_sha256()) != 0) {
            ^

".\dbc_wolfssl.c", line 361: cc1080: {D} warning: Function does not have a
          full prototype
  if((ret = test_rsa()) != 0) {
            ^

"C:\Program Files (x86)\Analog Devices\VisualDSP 5.1.2\cc21k.exe" .\Debug\aes.doj .\Debug\dbc_wolfssl.doj .\Debug\error.doj .\Debug\hash.doj .\Debug\hmac.doj .\Debug\integer.doj .\Debug\logging.doj .\Debug\misc.doj .\Debug\random.doj .\Debug\rsa.doj .\Debug\sha256.doj .\Debug\wolfmath.doj -map .\Debug\dbc_wolfssl.map.xml -flags-link -ip -L .\Debug -flags-link -e -add-debug-libpaths -flags-link -od,.\Debug -o .\Debug\dbc_wolfssl.dxe -proc ADSP-21060 -MM
